d:\workspacefornico\project_myunitymovie\git\videodecode\ffnativemovie\debug\vc140.pdb
d:\workspacefornico\project_myunitymovie\git\videodecode\ffnativemovie\debug\vc140.idb
d:\workspacefornico\project_myunitymovie\git\videodecode\ffnativemovie\debug\ffmpeg.obj
d:\workspacefornico\project_myunitymovie\git\videodecode\ffnativemovie\debug\ffmpeg_local.obj
d:\workspacefornico\project_myunitymovie\git\videodecode\ffnativemovie\debug\ffmpeg_online.obj
d:\workspacefornico\project_myunitymovie\git\videodecode\ffnativemovie\debug\picoplugin.obj
d:\workspacefornico\project_myunitymovie\git\videodecode\ffnativemovie\debug\ffnativemovie.obj
d:\workspacefornico\project_myunitymovie\git\videodecode\ffnativemovie\debug\stdafx.obj
d:\workspacefornico\project_myunitymovie\git\videodecode\debug\win32\picodecoder.lib
d:\workspacefornico\project_myunitymovie\git\videodecode\debug\win32\picodecoder.exp
d:\workspacefornico\project_myunitymovie\git\videodecode\debug\win32\picodecoder.ilk
d:\workspacefornico\project_myunitymovie\git\videodecode\debug\win32\picodecoder.dll
d:\workspacefornico\project_myunitymovie\git\videodecode\debug\win32\picodecoder.pdb
d:\workspacefornico\project_myunitymovie\git\videodecode\\debug\win32\picodecoder.pdb
d:\workspacefornico\project_myunitymovie\git\videodecode\\debug\win32\picodecoder.dll
d:\workspacefornico\project_myunitymovie\git\videodecode\\debug\win32\picodecoder.ilk
d:\workspacefornico\project_myunitymovie\git\videodecode\ffnativemovie\debug\ffnativemovie.tlog\cl.command.1.tlog
d:\workspacefornico\project_myunitymovie\git\videodecode\ffnativemovie\debug\ffnativemovie.tlog\cl.read.1.tlog
d:\workspacefornico\project_myunitymovie\git\videodecode\ffnativemovie\debug\ffnativemovie.tlog\cl.write.1.tlog
d:\workspacefornico\project_myunitymovie\git\videodecode\ffnativemovie\debug\ffnativemovie.tlog\ffnativemovie.write.1u.tlog
d:\workspacefornico\project_myunitymovie\git\videodecode\ffnativemovie\debug\ffnativemovie.tlog\link.command.1.tlog
d:\workspacefornico\project_myunitymovie\git\videodecode\ffnativemovie\debug\ffnativemovie.tlog\link.read.1.tlog
d:\workspacefornico\project_myunitymovie\git\videodecode\ffnativemovie\debug\ffnativemovie.tlog\link.write.1.tlog
