d:\workspacefornico\project_myunitymovie\git\videodecode\picovrplayer\release\picovrplayer.pch
d:\workspacefornico\project_myunitymovie\git\videodecode\picovrplayer\release\vc140.pdb
d:\workspacefornico\project_myunitymovie\git\videodecode\picovrplayer\release\stdafx.obj
d:\workspacefornico\project_myunitymovie\git\videodecode\picovrplayer\release\picovrplayerdlg.obj
d:\workspacefornico\project_myunitymovie\git\videodecode\picovrplayer\release\picovrplayer.obj
d:\workspacefornico\project_myunitymovie\git\videodecode\picovrplayer\release\picoimports.obj
d:\workspacefornico\project_myunitymovie\git\videodecode\release\win32\picovrplayer.exe
d:\workspacefornico\project_myunitymovie\git\videodecode\release\win32\picovrplayer.ipdb
d:\workspacefornico\project_myunitymovie\git\videodecode\release\win32\picovrplayer.iobj
d:\workspacefornico\project_myunitymovie\git\videodecode\release\win32\picovrplayer.pdb
d:\workspacefornico\project_myunitymovie\git\videodecode\picovrplayer\release\picovrplayer.res
d:\workspacefornico\project_myunitymovie\git\videodecode\\release\win32\picovrplayer.pdb
d:\workspacefornico\project_myunitymovie\git\videodecode\\release\win32\picovrplayer.exe
d:\workspacefornico\project_myunitymovie\git\videodecode\picovrplayer\release\picovrplayer.tlog\cl.command.1.tlog
d:\workspacefornico\project_myunitymovie\git\videodecode\picovrplayer\release\picovrplayer.tlog\cl.read.1.tlog
d:\workspacefornico\project_myunitymovie\git\videodecode\picovrplayer\release\picovrplayer.tlog\cl.write.1.tlog
d:\workspacefornico\project_myunitymovie\git\videodecode\picovrplayer\release\picovrplayer.tlog\link.command.1.tlog
d:\workspacefornico\project_myunitymovie\git\videodecode\picovrplayer\release\picovrplayer.tlog\link.read.1.tlog
d:\workspacefornico\project_myunitymovie\git\videodecode\picovrplayer\release\picovrplayer.tlog\link.write.1.tlog
d:\workspacefornico\project_myunitymovie\git\videodecode\picovrplayer\release\picovrplayer.tlog\rc.command.1.tlog
d:\workspacefornico\project_myunitymovie\git\videodecode\picovrplayer\release\picovrplayer.tlog\rc.read.1.tlog
d:\workspacefornico\project_myunitymovie\git\videodecode\picovrplayer\release\picovrplayer.tlog\rc.write.1.tlog
