d:\workspacefornico\project_myunitymovie\git\videodecode\ffnativemovie\release\vc140.pdb
d:\workspacefornico\project_myunitymovie\git\videodecode\ffnativemovie\release\stdafx.obj
d:\workspacefornico\project_myunitymovie\git\videodecode\ffnativemovie\release\ffnativemovie.obj
d:\workspacefornico\project_myunitymovie\git\videodecode\ffnativemovie\release\picoplugin.obj
d:\workspacefornico\project_myunitymovie\git\videodecode\ffnativemovie\release\ffmpeg_online.obj
d:\workspacefornico\project_myunitymovie\git\videodecode\ffnativemovie\release\ffmpeg_local.obj
d:\workspacefornico\project_myunitymovie\git\videodecode\ffnativemovie\release\ffmpeg.obj
d:\workspacefornico\project_myunitymovie\git\videodecode\release\win32\picodecoder.lib
d:\workspacefornico\project_myunitymovie\git\videodecode\release\win32\picodecoder.exp
d:\workspacefornico\project_myunitymovie\git\videodecode\release\win32\picodecoder.dll
d:\workspacefornico\project_myunitymovie\git\videodecode\release\win32\picodecoder.ipdb
d:\workspacefornico\project_myunitymovie\git\videodecode\release\win32\picodecoder.iobj
d:\workspacefornico\project_myunitymovie\git\videodecode\\release\win32\picodecoder.dll
d:\workspacefornico\project_myunitymovie\git\videodecode\ffnativemovie\release\ffnativemovie.tlog\cl.command.1.tlog
d:\workspacefornico\project_myunitymovie\git\videodecode\ffnativemovie\release\ffnativemovie.tlog\cl.read.1.tlog
d:\workspacefornico\project_myunitymovie\git\videodecode\ffnativemovie\release\ffnativemovie.tlog\cl.write.1.tlog
d:\workspacefornico\project_myunitymovie\git\videodecode\ffnativemovie\release\ffnativemovie.tlog\ffnativemovie.write.1u.tlog
d:\workspacefornico\project_myunitymovie\git\videodecode\ffnativemovie\release\ffnativemovie.tlog\link.command.1.tlog
d:\workspacefornico\project_myunitymovie\git\videodecode\ffnativemovie\release\ffnativemovie.tlog\link.read.1.tlog
d:\workspacefornico\project_myunitymovie\git\videodecode\ffnativemovie\release\ffnativemovie.tlog\link.write.1.tlog
