d:\workspacefornico\project_myunitymovie\git\videodecode\picovrplayer\debug\picovrplayer.pch
d:\workspacefornico\project_myunitymovie\git\videodecode\picovrplayer\debug\vc140.pdb
d:\workspacefornico\project_myunitymovie\git\videodecode\picovrplayer\debug\vc140.idb
d:\workspacefornico\project_myunitymovie\git\videodecode\picovrplayer\debug\stdafx.obj
d:\workspacefornico\project_myunitymovie\git\videodecode\picovrplayer\debug\picoimports.obj
d:\workspacefornico\project_myunitymovie\git\videodecode\picovrplayer\debug\picovrplayer.obj
d:\workspacefornico\project_myunitymovie\git\videodecode\picovrplayer\debug\picovrplayerdlg.obj
d:\workspacefornico\project_myunitymovie\git\videodecode\debug\win32\picovrplayer.ilk
d:\workspacefornico\project_myunitymovie\git\videodecode\debug\win32\picovrplayer.exe
d:\workspacefornico\project_myunitymovie\git\videodecode\debug\win32\picovrplayer.pdb
d:\workspacefornico\project_myunitymovie\git\videodecode\picovrplayer\debug\picovrplayer.res
d:\workspacefornico\project_myunitymovie\git\videodecode\\debug\win32\picovrplayer.pdb
d:\workspacefornico\project_myunitymovie\git\videodecode\\debug\win32\picovrplayer.exe
d:\workspacefornico\project_myunitymovie\git\videodecode\\debug\win32\picovrplayer.ilk
d:\workspacefornico\project_myunitymovie\git\videodecode\picovrplayer\debug\picovrplayer.tlog\cl.command.1.tlog
d:\workspacefornico\project_myunitymovie\git\videodecode\picovrplayer\debug\picovrplayer.tlog\cl.read.1.tlog
d:\workspacefornico\project_myunitymovie\git\videodecode\picovrplayer\debug\picovrplayer.tlog\cl.write.1.tlog
d:\workspacefornico\project_myunitymovie\git\videodecode\picovrplayer\debug\picovrplayer.tlog\link.command.1.tlog
d:\workspacefornico\project_myunitymovie\git\videodecode\picovrplayer\debug\picovrplayer.tlog\link.read.1.tlog
d:\workspacefornico\project_myunitymovie\git\videodecode\picovrplayer\debug\picovrplayer.tlog\link.write.1.tlog
d:\workspacefornico\project_myunitymovie\git\videodecode\picovrplayer\debug\picovrplayer.tlog\rc.command.1.tlog
d:\workspacefornico\project_myunitymovie\git\videodecode\picovrplayer\debug\picovrplayer.tlog\rc.read.1.tlog
d:\workspacefornico\project_myunitymovie\git\videodecode\picovrplayer\debug\picovrplayer.tlog\rc.write.1.tlog
